<?xml version="1.0" encoding="UTF-8"?>
<!-- Generated by org.testng.reporters.JUnitReportReporter -->
<testsuite hostname="DESKTOP-7LQLMGE" failures="0" tests="1" name="test.TestCreditCards" time="19.152" errors="0" timestamp="2021-11-19T10:04:59 EST" skipped="0">
  <testcase classname="test.TestCreditCards" name="test" time="19.152"/>
  <system-out/>
</testsuite> <!-- test.TestCreditCards -->
