<?xml version="1.0" encoding="UTF-8"?>
<!-- Generated by org.testng.reporters.JUnitReportReporter -->
<testsuite hostname="DESKTOP-7LQLMGE" failures="0" tests="20" name="test.TestHomePage" time="359.785" errors="0" timestamp="2021-11-26T20:28:13 EST" skipped="0">
  <testcase classname="test.TestHomePage" name="test13" time="22.257"/>
  <system-out/>
  <testcase classname="test.TestHomePage" name="test17" time="15.539"/>
  <system-out/>
  <testcase classname="test.TestHomePage" name="test6" time="20.046"/>
  <system-out/>
  <testcase classname="test.TestHomePage" name="test7" time="20.179"/>
  <system-out/>
  <testcase classname="test.TestHomePage" name="test19" time="24.446"/>
  <system-out/>
  <testcase classname="test.TestHomePage" name="test8" time="8.953"/>
  <system-out/>
  <testcase classname="test.TestHomePage" name="test10" time="11.937"/>
  <system-out/>
  <testcase classname="test.TestHomePage" name="test16" time="15.531"/>
  <system-out/>
  <testcase classname="test.TestHomePage" name="test18" time="22.464"/>
  <system-out/>
  <testcase classname="test.TestHomePage" name="test4" time="25.789"/>
  <system-out/>
  <testcase classname="test.TestHomePage" name="test20" time="21.040"/>
  <system-out/>
  <testcase classname="test.TestHomePage" name="test14" time="21.216"/>
  <system-out/>
  <testcase classname="test.TestHomePage" name="test15" time="16.738"/>
  <system-out/>
  <testcase classname="test.TestHomePage" name="test5" time="19.648"/>
  <system-out/>
  <testcase classname="test.TestHomePage" name="test1" time="27.830"/>
  <system-out/>
  <testcase classname="test.TestHomePage" name="test2" time="13.036"/>
  <system-out/>
  <testcase classname="test.TestHomePage" name="test12" time="17.861"/>
  <system-out/>
  <testcase classname="test.TestHomePage" name="test9" time="10.790"/>
  <system-out/>
  <testcase classname="test.TestHomePage" name="test11" time="13.877"/>
  <system-out/>
  <testcase classname="test.TestHomePage" name="test3" time="10.608"/>
  <system-out/>
</testsuite> <!-- test.TestHomePage -->
