<?xml version="1.0" encoding="UTF-8"?>
<!-- Generated by org.testng.reporters.JUnitReportReporter -->
<testsuite hostname="DESKTOP-7LQLMGE" failures="0" tests="1" name="test.TestSpecialOffer" time="17.413" errors="0" timestamp="2021-11-26T20:28:13 EST" skipped="0">
  <testcase classname="test.TestSpecialOffer" name="offers" time="17.413"/>
  <system-out/>
</testsuite> <!-- test.TestSpecialOffer -->
