<?xml version="1.0" encoding="UTF-8"?>
<!-- Generated by org.testng.reporters.JUnitReportReporter -->
<testsuite hostname="DESKTOP-7LQLMGE" failures="0" tests="2" name="test.TestRgistrationForOnlineAccess" time="28.683" errors="0" timestamp="2021-11-17T22:36:39 EST" skipped="0">
  <testcase classname="test.TestRgistrationForOnlineAccess" name="test" time="9.751"/>
  <system-out/>
  <testcase classname="test.TestRgistrationForOnlineAccess" name="tryCreditCards" time="18.932"/>
  <system-out/>
</testsuite> <!-- test.TestRgistrationForOnlineAccess -->
