<?xml version="1.0" encoding="UTF-8"?>
<!-- Generated by org.testng.reporters.JUnitReportReporter -->
<testsuite hostname="DESKTOP-7LQLMGE" failures="0" tests="1" name="test.TestRgistrationForOnlineAccess" time="13.097" errors="0" timestamp="2021-11-18T19:41:15 EST" skipped="0">
  <testcase classname="test.TestRgistrationForOnlineAccess" name="test" time="13.097"/>
  <system-out/>
</testsuite> <!-- test.TestRgistrationForOnlineAccess -->
