<?xml version="1.0" encoding="UTF-8"?>
<!-- Generated by org.testng.reporters.JUnitReportReporter -->
<testsuite hostname="DESKTOP-7LQLMGE" failures="0" tests="4" name="test.TestSingon" time="52.197" errors="0" timestamp="2021-11-26T20:28:12 EST" skipped="0">
  <testcase classname="test.TestSingon" name="signOninfo" time="11.578"/>
  <system-out/>
  <testcase classname="test.TestSingon" name="mobileSign" time="7.196"/>
  <system-out/>
  <testcase classname="test.TestSingon" name="recoverAccount" time="18.171"/>
  <system-out/>
  <testcase classname="test.TestSingon" name="ActivatTheCard" time="15.252"/>
  <system-out/>
</testsuite> <!-- test.TestSingon -->
