<?xml version="1.0" encoding="UTF-8"?>
<!-- Generated by org.testng.reporters.JUnitReportReporter -->
<testsuite hostname="DESKTOP-7LQLMGE" failures="0" tests="1" name="test.TestGetHelp" time="15.143" errors="0" timestamp="2021-11-19T10:56:34 EST" skipped="0">
  <testcase classname="test.TestGetHelp" name="getInfo" time="15.143"/>
  <system-out/>
</testsuite> <!-- test.TestGetHelp -->
