<?xml version="1.0" encoding="UTF-8"?>
<!-- Generated by org.testng.reporters.JUnitReportReporter -->
<testsuite hostname="DESKTOP-7LQLMGE" failures="0" tests="1" name="test.TestSpecialOffer" time="22.209" errors="0" timestamp="2021-11-18T00:42:05 EST" skipped="0">
  <testcase classname="test.TestSpecialOffer" name="offers" time="22.209"/>
  <system-out/>
</testsuite> <!-- test.TestSpecialOffer -->
